<?xml version="1.0" encoding="UTF-8"?>
<testsuite xmlns:xsi="http://www.w3.org/2001/XMLSchema-instance" xsi:noNamespaceSchemaLocation="https://maven.apache.org/surefire/maven-surefire-plugin/xsd/surefire-test-report-3.0.xsd" version="3.0" name="TestRunner.SmokeRunner" time="147.493" tests="1" errors="1" skipped="0" failures="0">
  <properties>
[...]
</properties>
  <testcase name="Adding a new Employee" classname="Add a new Employee" time="146.032">
    <error message="Unable to locate element: #txtUsername&#10;For documentation on this error, please visit: https://selenium.dev/exceptions/#no_such_element&#10;Build info: version: &apos;4.8.3&apos;, revision: &apos;e5e76298c3&apos;&#10;System info: os.name: &apos;Windows 10&apos;, os.arch: &apos;amd64&apos;, os.version: &apos;10.0&apos;, java.version: &apos;11.0.17&apos;&#10;Driver info: org.openqa.selenium.firefox.FirefoxDriver&#10;Command: [e1ceab50-9340-4fbb-842b-618f73d7585b, findElement {using=id, value=txtUsername}]&#10;Capabilities {acceptInsecureCerts: true, browserName: firefox, browserVersion: 112.0.1, moz:accessibilityChecks: false, moz:buildID: 20230414125621, moz:debuggerAddress: 127.0.0.1:9947, moz:geckodriverVersion: 0.33.0, moz:headless: false, moz:platformVersion: 10.0, moz:processID: 15516, moz:profile: C:\Users\monk_\AppData\Loca..., moz:shutdownTimeout: 60000, moz:useNonSpecCompliantPointerOrigin: false, moz:webdriverClick: true, moz:windowless: false, pageLoadStrategy: normal, platformName: WINDOWS, proxy: Proxy(), se:cdp: ws://127.0.0.1:9947/devtool..., se:cdpVersion: 85.0, setWindowRect: true, strictFileInteractability: false, timeouts: {implicit: 0, pageLoad: 300000, script: 30000}, unhandledPromptBehavior: dismiss and notify}&#10;Session ID: e1ceab50-9340-4fbb-842b-618f73d7585b" type="org.openqa.selenium.NoSuchElementException"><![CDATA[org.openqa.selenium.NoSuchElementException: 
Unable to locate element: #txtUsername
For documentation on this error, please visit: https://selenium.dev/exceptions/#no_such_element
Build info: version: '4.8.3', revision: 'e5e76298c3'
System info: os.name: 'Windows 10', os.arch: 'amd64', os.version: '10.0', java.version: '11.0.17'
Driver info: org.openqa.selenium.firefox.FirefoxDriver
Command: [e1ceab50-9340-4fbb-842b-618f73d7585b, findElement {using=id, value=txtUsername}]
Capabilities {acceptInsecureCerts: true, browserName: firefox, browserVersion: 112.0.1, moz:accessibilityChecks: false, moz:buildID: 20230414125621, moz:debuggerAddress: 127.0.0.1:9947, moz:geckodriverVersion: 0.33.0, moz:headless: false, moz:platformVersion: 10.0, moz:processID: 15516, moz:profile: C:\Users\monk_\AppData\Loca..., moz:shutdownTimeout: 60000, moz:useNonSpecCompliantPointerOrigin: false, moz:webdriverClick: true, moz:windowless: false, pageLoadStrategy: normal, platformName: WINDOWS, proxy: Proxy(), se:cdp: ws://127.0.0.1:9947/devtool..., se:cdpVersion: 85.0, setWindowRect: true, strictFileInteractability: false, timeouts: {implicit: 0, pageLoad: 300000, script: 30000}, unhandledPromptBehavior: dismiss and notify}
Session ID: e1ceab50-9340-4fbb-842b-618f73d7585b
	at java.base/jdk.internal.reflect.NativeConstructorAccessorImpl.newInstance0(Native Method)
	at java.base/jdk.internal.reflect.NativeConstructorAccessorImpl.newInstance(NativeConstructorAccessorImpl.java:62)
	at java.base/jdk.internal.reflect.DelegatingConstructorAccessorImpl.newInstance(DelegatingConstructorAccessorImpl.java:45)
	at java.base/java.lang.reflect.Constructor.newInstance(Constructor.java:490)
	at org.openqa.selenium.remote.codec.w3c.W3CHttpResponseCodec.createException(W3CHttpResponseCodec.java:200)
	at org.openqa.selenium.remote.codec.w3c.W3CHttpResponseCodec.decode(W3CHttpResponseCodec.java:133)
	at org.openqa.selenium.remote.codec.w3c.W3CHttpResponseCodec.decode(W3CHttpResponseCodec.java:53)
	at org.openqa.selenium.remote.HttpCommandExecutor.execute(HttpCommandExecutor.java:193)
	at org.openqa.selenium.remote.service.DriverCommandExecutor.invokeExecute(DriverCommandExecutor.java:183)
	at org.openqa.selenium.remote.service.DriverCommandExecutor.execute(DriverCommandExecutor.java:158)
	at org.openqa.selenium.remote.RemoteWebDriver.execute(RemoteWebDriver.java:543)
	at org.openqa.selenium.remote.ElementLocation$ElementFinder$2.findElement(ElementLocation.java:162)
	at org.openqa.selenium.remote.ElementLocation.findElement(ElementLocation.java:66)
	at org.openqa.selenium.remote.RemoteWebDriver.findElement(RemoteWebDriver.java:352)
	at org.openqa.selenium.remote.RemoteWebDriver.findElement(RemoteWebDriver.java:344)
	at org.openqa.selenium.support.pagefactory.DefaultElementLocator.findElement(DefaultElementLocator.java:70)
	at org.openqa.selenium.support.pagefactory.internal.LocatingElementHandler.invoke(LocatingElementHandler.java:39)
	at com.sun.proxy.$Proxy23.clear(Unknown Source)
	at Utils.CommonMethods.sendText(CommonMethods.java:75)
	at StepDefinitions.Login.user_enters_valid_email_and_valid_password(Login.java:36)
	at ✽.user enters valid email and valid password(file:///C:/Users/monk_/IdeaProjects/CucumberBatch15/src/test/resources/Features/AddEmployee.feature:5)
]]></error>
    <system-out><![CDATA[
@testcase2 @smoke
Scenario: Adding a new Employee                         &amp#27;[90m# src/test/resources/Features/AddEmployee.feature:3&amp#27;[0m
  &amp#27;[31mWhen &amp#27;[0m&amp#27;[31muser enters valid email and valid password&amp#27;[0m       &amp#27;[90m# StepDefinitions.Login.user_enters_valid_email_and_valid_password()&amp#27;[0m
      &amp#27;[31morg.openqa.selenium.NoSuchElementException: Unable to locate element: #txtUsername
For documentation on this error, please visit: https://selenium.dev/exceptions/#no_such_element
Build info: version: '4.8.3', revision: 'e5e76298c3'
System info: os.name: 'Windows 10', os.arch: 'amd64', os.version: '10.0', java.version: '11.0.17'
Driver info: org.openqa.selenium.firefox.FirefoxDriver
Command: [e1ceab50-9340-4fbb-842b-618f73d7585b, findElement {using=id, value=txtUsername}]
Capabilities {acceptInsecureCerts: true, browserName: firefox, browserVersion: 112.0.1, moz:accessibilityChecks: false, moz:buildID: 20230414125621, moz:debuggerAddress: 127.0.0.1:9947, moz:geckodriverVersion: 0.33.0, moz:headless: false, moz:platformVersion: 10.0, moz:processID: 15516, moz:profile: C:\Users\monk_\AppData\Loca..., moz:shutdownTimeout: 60000, moz:useNonSpecCompliantPointerOrigin: false, moz:webdriverClick: true, moz:windowless: false, pageLoadStrategy: normal, platformName: WINDOWS, proxy: Proxy(), se:cdp: ws://127.0.0.1:9947/devtool..., se:cdpVersion: 85.0, setWindowRect: true, strictFileInteractability: false, timeouts: {implicit: 0, pageLoad: 300000, script: 30000}, unhandledPromptBehavior: dismiss and notify}
Session ID: e1ceab50-9340-4fbb-842b-618f73d7585b
	at java.base/jdk.internal.reflect.NativeConstructorAccessorImpl.newInstance0(Native Method)
	at java.base/jdk.internal.reflect.NativeConstructorAccessorImpl.newInstance(NativeConstructorAccessorImpl.java:62)
	at java.base/jdk.internal.reflect.DelegatingConstructorAccessorImpl.newInstance(DelegatingConstructorAccessorImpl.java:45)
	at java.base/java.lang.reflect.Constructor.newInstance(Constructor.java:490)
	at org.openqa.selenium.remote.codec.w3c.W3CHttpResponseCodec.createException(W3CHttpResponseCodec.java:200)
	at org.openqa.selenium.remote.codec.w3c.W3CHttpResponseCodec.decode(W3CHttpResponseCodec.java:133)
	at org.openqa.selenium.remote.codec.w3c.W3CHttpResponseCodec.decode(W3CHttpResponseCodec.java:53)
	at org.openqa.selenium.remote.HttpCommandExecutor.execute(HttpCommandExecutor.java:193)
	at org.openqa.selenium.remote.service.DriverCommandExecutor.invokeExecute(DriverCommandExecutor.java:183)
	at org.openqa.selenium.remote.service.DriverCommandExecutor.execute(DriverCommandExecutor.java:158)
	at org.openqa.selenium.remote.RemoteWebDriver.execute(RemoteWebDriver.java:543)
	at org.openqa.selenium.remote.ElementLocation$ElementFinder$2.findElement(ElementLocation.java:162)
	at org.openqa.selenium.remote.ElementLocation.findElement(ElementLocation.java:66)
	at org.openqa.selenium.remote.RemoteWebDriver.findElement(RemoteWebDriver.java:352)
	at org.openqa.selenium.remote.RemoteWebDriver.findElement(RemoteWebDriver.java:344)
	at org.openqa.selenium.support.pagefactory.DefaultElementLocator.findElement(DefaultElementLocator.java:70)
	at org.openqa.selenium.support.pagefactory.internal.LocatingElementHandler.invoke(LocatingElementHandler.java:39)
	at com.sun.proxy.$Proxy23.clear(Unknown Source)
	at Utils.CommonMethods.sendText(CommonMethods.java:75)
	at StepDefinitions.Login.user_enters_valid_email_and_valid_password(Login.java:36)
	at вњЅ.user enters valid email and valid password(file:///C:/Users/monk_/IdeaProjects/CucumberBatch15/src/test/resources/Features/AddEmployee.feature:5)
&amp#27;[0m
  &amp#27;[36mAnd &amp#27;[0m&amp#27;[36mclick on login button&amp#27;[0m                             &amp#27;[90m# StepDefinitions.Login.click_on_login_button()&amp#27;[0m
  &amp#27;[36mWhen &amp#27;[0m&amp#27;[36muser clicks on PIM option&amp#27;[0m                        &amp#27;[90m# StepDefinitions.AddEmployee.user_clicks_on_pim_option()&amp#27;[0m
  &amp#27;[36mAnd &amp#27;[0m&amp#27;[36muser clicks on add employee button&amp#27;[0m                &amp#27;[90m# StepDefinitions.AddEmployee.user_clicks_on_add_employee_button()&amp#27;[0m
  &amp#27;[36mAnd &amp#27;[0m&amp#27;[36muser enters firstname and middlename and lastname&amp#27;[0m &amp#27;[90m# StepDefinitions.AddEmployee.user_enters_firstname_and_middlename_and_lastname()&amp#27;[0m

    Embedding Adding a new Employee [image/png 33070 bytes]

]]></system-out>
    <system-err><![CDATA[SLF4J: Failed to load class "org.slf4j.impl.StaticLoggerBinder".
SLF4J: Defaulting to no-operation (NOP) logger implementation
SLF4J: See http://www.slf4j.org/codes.html#StaticLoggerBinder for further details.
ERROR StatusLogger Log4j2 could not find a logging implementation. Please add log4j-core to the classpath. Using SimpleLogger to log to the console...
1681937382621	geckodriver	INFO	Listening on 127.0.0.1:10746
1681937383253	mozrunner::runner	INFO	Running command: "C:\\Program Files\\Mozilla Firefox\\firefox.exe" "--marionette" "--remote-debugging-port" "9947" "--remote- ... //localhost:9947/,http://[::1]:9947/" "-no-remote" "-profile" "C:\\Users\\monk_\\AppData\\Local\\Temp\\rust_mozprofilew4QO2q"
console.warn: services.settings: Ignoring preference override of remote settings server
console.warn: services.settings: Allow by setting MOZ_REMOTE_SETTINGS_DEVTOOLS=1 in the environment
1681937383796	Marionette	INFO	Marionette enabled
Dynamically enable window occlusion 0
1681937383814	Marionette	INFO	Listening on port 49793
Read port: 49793
WebDriver BiDi listening on ws://127.0.0.1:9947
1681937384057	RemoteAgent	WARN	TLS certificate errors will be ignored for this session
console.warn: SearchSettings: "get: No settings file exists, new profile?" (new NotFoundError("Could not open the file at C:\\Users\\monk_\\AppData\\Local\\Temp\\rust_mozprofilew4QO2q\\search.json.mozlz4", (void 0)))
[ERROR glean_core] Error setting metrics feature config: Json(Error("EOF while parsing a value", line: 1, column: 0))
DevTools listening on ws://127.0.0.1:9947/devtools/browser/2f0e6bb5-f384-4768-817c-740dc7fb3152
console.error: Region.sys.mjs: "Error fetching region" (new Error("TIMEOUT", "resource://gre/modules/Region.sys.mjs", 762))
console.error: Region.sys.mjs: "Failed to fetch region" (new Error("TIMEOUT", "resource://gre/modules/Region.sys.mjs", 414))
1681937526156	RemoteAgent	INFO	Perform WebSocket upgrade for incoming connection from 127.0.0.1:49954
1681937526175	CDP	WARN	Invalid browser preferences for CDP. Set "fission.webContentIsolationStrategy"to 0 and "fission.bfcacheInParent" to false before Firefox starts.
1681937526271	Marionette	INFO	Stopped listening on port 49793
Dynamically enable window occlusion 1
]]></system-err>
  </testcase>
</testsuite>